2020-07-31 22:26:22.562  INFO 11364 --- [main] com.example.demo.DemoProvider            : Starting DemoProvider on Haitao.local with PID 11364 (/Users/haitaoxing/workspaces/spring-cloud-microservice/mesh-provider/target/classes started by haitaoxing in /Users/haitaoxing/workspaces/spring-cloud-microservice/mesh-provider)
2020-07-31 22:26:22.564  INFO 11364 --- [main] com.example.demo.DemoProvider            : No active profile set, falling back to default profiles: default
2020-07-31 22:26:23.367  INFO 11364 --- [main] trationDelegate$BeanPostProcessorChecker : Bean 'io.opentracing.contrib.spring.cloud.async.DefaultAsyncAutoConfiguration$DefaultTracedAsyncConfigurerSupport' of type [io.opentracing.contrib.spring.cloud.async.DefaultAsyncAutoConfiguration$DefaultTracedAsyncConfigurerSupport$$EnhancerBySpringCGLIB$$86011ef1] is not eligible for getting processed by all BeanPostProcessors (for example: not eligible for auto-proxying)
2020-07-31 22:26:23.440  INFO 11364 --- [main] trationDelegate$BeanPostProcessorChecker : Bean 'io.opentracing.contrib.spring.cloud.async.DefaultAsyncAutoConfiguration' of type [io.opentracing.contrib.spring.cloud.async.DefaultAsyncAutoConfiguration$$EnhancerBySpringCGLIB$$871eef8e] is not eligible for getting processed by all BeanPostProcessors (for example: not eligible for auto-proxying)
2020-07-31 22:26:23.546  INFO 11364 --- [main] trationDelegate$BeanPostProcessorChecker : Bean 'io.opentracing.contrib.java.spring.jaeger.starter.JaegerAutoConfiguration' of type [io.opentracing.contrib.java.spring.jaeger.starter.JaegerAutoConfiguration$$EnhancerBySpringCGLIB$$97e5fd7d] is not eligible for getting processed by all BeanPostProcessors (for example: not eligible for auto-proxying)
2020-07-31 22:26:23.571  INFO 11364 --- [main] trationDelegate$BeanPostProcessorChecker : Bean 'opentracing.jaeger-io.opentracing.contrib.java.spring.jaeger.starter.JaegerConfigurationProperties' of type [io.opentracing.contrib.java.spring.jaeger.starter.JaegerConfigurationProperties] is not eligible for getting processed by all BeanPostProcessors (for example: not eligible for auto-proxying)
2020-07-31 22:26:23.581  INFO 11364 --- [main] trationDelegate$BeanPostProcessorChecker : Bean 'metricsFactory' of type [io.jaegertracing.internal.metrics.NoopMetricsFactory] is not eligible for getting processed by all BeanPostProcessors (for example: not eligible for auto-proxying)
2020-07-31 22:26:23.587  INFO 11364 --- [main] trationDelegate$BeanPostProcessorChecker : Bean 'metrics' of type [io.jaegertracing.internal.metrics.Metrics] is not eligible for getting processed by all BeanPostProcessors (for example: not eligible for auto-proxying)
2020-07-31 22:26:23.589  INFO 11364 --- [main] trationDelegate$BeanPostProcessorChecker : Bean 'sampler' of type [io.jaegertracing.internal.samplers.ConstSampler] is not eligible for getting processed by all BeanPostProcessors (for example: not eligible for auto-proxying)
2020-07-31 22:26:23.618  INFO 11364 --- [main] trationDelegate$BeanPostProcessorChecker : Bean 'reporter' of type [io.jaegertracing.internal.reporters.CompositeReporter] is not eligible for getting processed by all BeanPostProcessors (for example: not eligible for auto-proxying)
2020-07-31 22:26:23.628  INFO 11364 --- [main] trationDelegate$BeanPostProcessorChecker : Bean 'tracer' of type [io.jaegertracing.internal.JaegerTracer] is not eligible for getting processed by all BeanPostProcessors (for example: not eligible for auto-proxying)
2020-07-31 22:26:23.636  INFO 11364 --- [main] trationDelegate$BeanPostProcessorChecker : Bean 'io.opentracing.contrib.spring.web.starter.WebClientTracingAutoConfiguration$DefaultWebClientSpanDecorators' of type [io.opentracing.contrib.spring.web.starter.WebClientTracingAutoConfiguration$DefaultWebClientSpanDecorators$$EnhancerBySpringCGLIB$$ab6c5f02] is not eligible for getting processed by all BeanPostProcessors (for example: not eligible for auto-proxying)
2020-07-31 22:26:23.642  INFO 11364 --- [main] trationDelegate$BeanPostProcessorChecker : Bean 'standardTagsWebClientSpanDecorator' of type [io.opentracing.contrib.spring.web.client.WebClientSpanDecorator$StandardTags] is not eligible for getting processed by all BeanPostProcessors (for example: not eligible for auto-proxying)
2020-07-31 22:26:24.143  INFO 11364 --- [main] o.s.b.a.e.web.EndpointLinksResolver      : Exposing 2 endpoint(s) beneath base path '/actuator'
2020-07-31 22:26:24.684  INFO 11364 --- [main] o.s.b.web.embedded.netty.NettyWebServer  : Netty started on port(s): 18081
2020-07-31 22:26:24.702  INFO 11364 --- [main] com.example.demo.DemoProvider            : Started DemoProvider in 2.708 seconds (JVM running for 3.113)
2020-07-31 22:26:28.913  INFO 11364 --- [reactor-http-nio-2] com.example.demo.DemoController          : provider-demo -- request param: [asd]
2020-07-31 22:26:28.919  INFO 11364 --- [reactor-http-nio-2] com.example.demo.DemoController          : provider-demo -- response info: [request param: asd, response from 192.168.0.102]
2020-07-31 22:26:28.948  INFO 11364 --- [reactor-http-nio-2] i.j.internal.reporters.LoggingReporter   : Span reported: 712cff123a2cbf58:712cff123a2cbf58:0:1 - echo
2020-07-31 22:26:30.089  INFO 11364 --- [reactor-http-nio-3] com.example.demo.DemoController          : provider-demo -- request param: [asd]
2020-07-31 22:26:30.090  INFO 11364 --- [reactor-http-nio-3] com.example.demo.DemoController          : provider-demo -- response info: [request param: asd, response from 192.168.0.102]
2020-07-31 22:26:30.092  INFO 11364 --- [reactor-http-nio-3] i.j.internal.reporters.LoggingReporter   : Span reported: c319bfae6c8c9832:c319bfae6c8c9832:0:1 - echo
2020-07-31 22:26:31.031  INFO 11364 --- [reactor-http-nio-4] com.example.demo.DemoController          : provider-demo -- request param: [asd]
2020-07-31 22:26:31.031  INFO 11364 --- [reactor-http-nio-4] com.example.demo.DemoController          : provider-demo -- response info: [request param: asd, response from 192.168.0.102]
2020-07-31 22:26:31.033  INFO 11364 --- [reactor-http-nio-4] i.j.internal.reporters.LoggingReporter   : Span reported: edde769ca117fc46:edde769ca117fc46:0:1 - echo
2020-07-31 22:26:31.337  INFO 11364 --- [reactor-http-nio-5] com.example.demo.DemoController          : provider-demo -- request param: [asd]
2020-07-31 22:26:31.338  INFO 11364 --- [reactor-http-nio-5] com.example.demo.DemoController          : provider-demo -- response info: [request param: asd, response from 192.168.0.102]
2020-07-31 22:26:31.339  INFO 11364 --- [reactor-http-nio-5] i.j.internal.reporters.LoggingReporter   : Span reported: c1d5f98ceb900524:c1d5f98ceb900524:0:1 - echo
2020-07-31 22:26:31.611  INFO 11364 --- [reactor-http-nio-6] com.example.demo.DemoController          : provider-demo -- request param: [asd]
2020-07-31 22:26:31.611  INFO 11364 --- [reactor-http-nio-6] com.example.demo.DemoController          : provider-demo -- response info: [request param: asd, response from 192.168.0.102]
2020-07-31 22:26:31.612  INFO 11364 --- [reactor-http-nio-6] i.j.internal.reporters.LoggingReporter   : Span reported: cdf11917b6253452:cdf11917b6253452:0:1 - echo
2020-07-31 22:27:42.338  INFO 11467 --- [main] com.example.demo.DemoProvider            : Starting DemoProvider on Haitao.local with PID 11467 (/Users/haitaoxing/workspaces/spring-cloud-microservice/mesh-provider/target/classes started by haitaoxing in /Users/haitaoxing/workspaces/spring-cloud-microservice/mesh-provider)
2020-07-31 22:27:42.340  INFO 11467 --- [main] com.example.demo.DemoProvider            : No active profile set, falling back to default profiles: default
2020-07-31 22:27:43.115  INFO 11467 --- [main] trationDelegate$BeanPostProcessorChecker : Bean 'io.opentracing.contrib.spring.cloud.async.DefaultAsyncAutoConfiguration$DefaultTracedAsyncConfigurerSupport' of type [io.opentracing.contrib.spring.cloud.async.DefaultAsyncAutoConfiguration$DefaultTracedAsyncConfigurerSupport$$EnhancerBySpringCGLIB$$9064baf6] is not eligible for getting processed by all BeanPostProcessors (for example: not eligible for auto-proxying)
2020-07-31 22:27:43.249  INFO 11467 --- [main] trationDelegate$BeanPostProcessorChecker : Bean 'io.opentracing.contrib.spring.cloud.async.DefaultAsyncAutoConfiguration' of type [io.opentracing.contrib.spring.cloud.async.DefaultAsyncAutoConfiguration$$EnhancerBySpringCGLIB$$91828b93] is not eligible for getting processed by all BeanPostProcessors (for example: not eligible for auto-proxying)
2020-07-31 22:27:43.371  INFO 11467 --- [main] trationDelegate$BeanPostProcessorChecker : Bean 'io.opentracing.contrib.java.spring.jaeger.starter.JaegerAutoConfiguration' of type [io.opentracing.contrib.java.spring.jaeger.starter.JaegerAutoConfiguration$$EnhancerBySpringCGLIB$$a2499982] is not eligible for getting processed by all BeanPostProcessors (for example: not eligible for auto-proxying)
2020-07-31 22:27:43.398  INFO 11467 --- [main] trationDelegate$BeanPostProcessorChecker : Bean 'opentracing.jaeger-io.opentracing.contrib.java.spring.jaeger.starter.JaegerConfigurationProperties' of type [io.opentracing.contrib.java.spring.jaeger.starter.JaegerConfigurationProperties] is not eligible for getting processed by all BeanPostProcessors (for example: not eligible for auto-proxying)
2020-07-31 22:27:43.408  INFO 11467 --- [main] trationDelegate$BeanPostProcessorChecker : Bean 'metricsFactory' of type [io.jaegertracing.internal.metrics.NoopMetricsFactory] is not eligible for getting processed by all BeanPostProcessors (for example: not eligible for auto-proxying)
2020-07-31 22:27:43.414  INFO 11467 --- [main] trationDelegate$BeanPostProcessorChecker : Bean 'metrics' of type [io.jaegertracing.internal.metrics.Metrics] is not eligible for getting processed by all BeanPostProcessors (for example: not eligible for auto-proxying)
2020-07-31 22:27:43.416  INFO 11467 --- [main] trationDelegate$BeanPostProcessorChecker : Bean 'sampler' of type [io.jaegertracing.internal.samplers.ConstSampler] is not eligible for getting processed by all BeanPostProcessors (for example: not eligible for auto-proxying)
2020-07-31 22:27:43.446  INFO 11467 --- [main] trationDelegate$BeanPostProcessorChecker : Bean 'reporter' of type [io.jaegertracing.internal.reporters.CompositeReporter] is not eligible for getting processed by all BeanPostProcessors (for example: not eligible for auto-proxying)
2020-07-31 22:27:43.455  INFO 11467 --- [main] trationDelegate$BeanPostProcessorChecker : Bean 'tracer' of type [io.jaegertracing.internal.JaegerTracer] is not eligible for getting processed by all BeanPostProcessors (for example: not eligible for auto-proxying)
2020-07-31 22:27:43.463  INFO 11467 --- [main] trationDelegate$BeanPostProcessorChecker : Bean 'io.opentracing.contrib.spring.web.starter.WebClientTracingAutoConfiguration$DefaultWebClientSpanDecorators' of type [io.opentracing.contrib.spring.web.starter.WebClientTracingAutoConfiguration$DefaultWebClientSpanDecorators$$EnhancerBySpringCGLIB$$b5cffb07] is not eligible for getting processed by all BeanPostProcessors (for example: not eligible for auto-proxying)
2020-07-31 22:27:43.470  INFO 11467 --- [main] trationDelegate$BeanPostProcessorChecker : Bean 'standardTagsWebClientSpanDecorator' of type [io.opentracing.contrib.spring.web.client.WebClientSpanDecorator$StandardTags] is not eligible for getting processed by all BeanPostProcessors (for example: not eligible for auto-proxying)
2020-07-31 22:27:43.974  INFO 11467 --- [main] o.s.b.a.e.web.EndpointLinksResolver      : Exposing 2 endpoint(s) beneath base path '/actuator'
2020-07-31 22:27:44.514  INFO 11467 --- [main] o.s.b.web.embedded.netty.NettyWebServer  : Netty started on port(s): 18081
2020-07-31 22:27:44.532  INFO 11467 --- [main] com.example.demo.DemoProvider            : Started DemoProvider in 2.571 seconds (JVM running for 2.945)
2020-07-31 22:27:47.756  INFO 11467 --- [reactor-http-nio-2] com.example.demo.DemoController          : provider-demo -- request param: [asd]
2020-07-31 22:27:47.763  INFO 11467 --- [reactor-http-nio-2] com.example.demo.DemoController          : provider-demo -- response info: [request param: asd, response from 192.168.0.102]
2020-07-31 22:27:47.793  INFO 11467 --- [reactor-http-nio-2] i.j.internal.reporters.LoggingReporter   : Span reported: 582192acb6d6e494:582192acb6d6e494:0:1 - echo
2020-07-31 22:27:48.119  INFO 11467 --- [reactor-http-nio-3] com.example.demo.DemoController          : provider-demo -- request param: [asd]
2020-07-31 22:27:48.119  INFO 11467 --- [reactor-http-nio-3] com.example.demo.DemoController          : provider-demo -- response info: [request param: asd, response from 192.168.0.102]
2020-07-31 22:27:48.121  INFO 11467 --- [reactor-http-nio-3] i.j.internal.reporters.LoggingReporter   : Span reported: 61217793f3df33e2:61217793f3df33e2:0:1 - echo
2020-07-31 22:27:48.460  INFO 11467 --- [reactor-http-nio-4] com.example.demo.DemoController          : provider-demo -- request param: [asd]
2020-07-31 22:27:48.461  INFO 11467 --- [reactor-http-nio-4] com.example.demo.DemoController          : provider-demo -- response info: [request param: asd, response from 192.168.0.102]
2020-07-31 22:27:48.462  INFO 11467 --- [reactor-http-nio-4] i.j.internal.reporters.LoggingReporter   : Span reported: ef0cd4180384eee0:ef0cd4180384eee0:0:1 - echo
2020-07-31 22:27:48.727  INFO 11467 --- [reactor-http-nio-5] com.example.demo.DemoController          : provider-demo -- request param: [asd]
2020-07-31 22:27:48.727  INFO 11467 --- [reactor-http-nio-5] com.example.demo.DemoController          : provider-demo -- response info: [request param: asd, response from 192.168.0.102]
2020-07-31 22:27:48.728  INFO 11467 --- [reactor-http-nio-5] i.j.internal.reporters.LoggingReporter   : Span reported: 88d24c244de19c80:88d24c244de19c80:0:1 - echo
2020-07-31 22:27:49.012  INFO 11467 --- [reactor-http-nio-6] com.example.demo.DemoController          : provider-demo -- request param: [asd]
2020-07-31 22:27:49.012  INFO 11467 --- [reactor-http-nio-6] com.example.demo.DemoController          : provider-demo -- response info: [request param: asd, response from 192.168.0.102]
2020-07-31 22:27:49.014  INFO 11467 --- [reactor-http-nio-6] i.j.internal.reporters.LoggingReporter   : Span reported: 1d302cff85879d36:1d302cff85879d36:0:1 - echo
